<?xml version="1.0" encoding="UTF-8"?>
<testng-results ignored="0" total="1" passed="1" failed="0" skipped="0">
  <reporter-output>
  </reporter-output>
  <suite started-at="2025-07-29T16:59:52 IST" name="Default suite" finished-at="2025-07-29T16:59:55 IST" duration-ms="3331">
    <groups>
    </groups>
    <test started-at="2025-07-29T16:59:52 IST" name="Default test" finished-at="2025-07-29T16:59:55 IST" duration-ms="3331">
      <class name="testingBabaPages.HomePage">
        <test-method signature="launchBrowser()[pri:0, instance:testingBabaPages.HomePage@1c9f0a20]" started-at="2025-07-29T16:59:52 IST" name="launchBrowser" finished-at="2025-07-29T16:59:55 IST" duration-ms="3240" status="PASS">
          <reporter-output>
          </reporter-output>
        </test-method> <!-- launchBrowser -->
      </class> <!-- testingBabaPages.HomePage -->
    </test> <!-- Default test -->
  </suite> <!-- Default suite -->
</testng-results>
